kotlin version: 2.3.0
error message: java.lang.OutOfMemoryError: Java heap space
	at org.jetbrains.kotlin.ir.backend.js.utils.IrTypeUtilsKt.asString(IrTypeUtils.kt:33)
	at org.jetbrains.kotlin.ir.backend.js.utils.NameTablesKt.joinTypes$lambda$0(NameTables.kt:100)
	at org.jetbrains.kotlin.ir.backend.js.utils.NameTablesKt$$Lambda/0x0000000801b9d1f8.invoke(Unknown Source)
	at kotlin.text.StringsKt__AppendableKt.appendElement(Appendable.kt:92)
	at kotlin.collections.CollectionsKt___CollectionsKt.joinTo(_Collections.kt:3650)
	at kotlin.collections.CollectionsKt___CollectionsKt.joinToString(_Collections.kt:3667)
	at kotlin.collections.CollectionsKt___CollectionsKt.joinToString$default(_Collections.kt:3666)
	at org.jetbrains.kotlin.ir.backend.js.utils.NameTablesKt.joinTypes(NameTables.kt:100)
	at org.jetbrains.kotlin.ir.backend.js.utils.NameTablesKt.calculateJsFunctionSignature(NameTables.kt:135)
	at org.jetbrains.kotlin.ir.backend.js.utils.NameTablesKt.jsFunctionSignature(NameTables.kt:187)
	at org.jetbrains.kotlin.ir.backend.js.transformers.irToJs.JsNameLinkingNamer.fieldData(JsNameLinkingNamer.kt:216)
	at org.jetbrains.kotlin.ir.backend.js.transformers.irToJs.JsNameLinkingNamer.getNameForMemberFunction(JsNameLinkingNamer.kt:72)
	at org.jetbrains.kotlin.ir.backend.js.utils.JsStaticContext.getNameForMemberFunction(JsStaticContext.kt)
	at org.jetbrains.kotlin.ir.backend.js.utils.JsGenerationContext.getNameForMemberFunction(JsGenerationContext.kt)
	at org.jetbrains.kotlin.ir.backend.js.transformers.irToJs.JsClassGenerator.generateMemberFunction(JsClassGenerator.kt:352)
	at org.jetbrains.kotlin.ir.backend.js.transformers.irToJs.JsClassGenerator.generateClassBlock(JsClassGenerator.kt:140)
	at org.jetbrains.kotlin.ir.backend.js.transformers.irToJs.JsClassGenerator.generate(JsClassGenerator.kt:75)
	at org.jetbrains.kotlin.ir.backend.js.transformers.irToJs.IrDeclarationToJsTransformer.visitClass(IrDeclarationToJsTransformer.kt:36)
	at org.jetbrains.kotlin.ir.backend.js.transformers.irToJs.IrDeclarationToJsTransformer.visitClass(IrDeclarationToJsTransformer.kt:15)
	at org.jetbrains.kotlin.ir.declarations.IrClass.accept(IrClass.kt:72)
	at org.jetbrains.kotlin.ir.backend.js.transformers.irToJs.IrFileToJsTransformer.visitFile(IrFileToJsTransformer.kt:26)
	at org.jetbrains.kotlin.ir.backend.js.transformers.irToJs.IrFileToJsTransformer.visitFile(IrFileToJsTransformer.kt:14)
	at org.jetbrains.kotlin.ir.declarations.IrFile.accept(IrFile.kt:27)
	at org.jetbrains.kotlin.ir.backend.js.transformers.irToJs.IrModuleToJsTransformer.generateProgramFragment(IrModuleToJsTransformer.kt:450)
	at org.jetbrains.kotlin.ir.backend.js.transformers.irToJs.IrModuleToJsTransformer.generateJsIrProgramPerModule(IrModuleToJsTransformer.kt:319)
	at org.jetbrains.kotlin.ir.backend.js.transformers.irToJs.IrModuleToJsTransformer.makeJsCodeGeneratorFromIr(IrModuleToJsTransformer.kt:299)
	at org.jetbrains.kotlin.ir.backend.js.transformers.irToJs.IrModuleToJsTransformer.makeJsCodeGenerator(IrModuleToJsTransformer.kt:244)
	at org.jetbrains.kotlin.cli.js.Ir2JsTransformer.makeJsCodeGenerator(K2JsCompilerImpl.kt:110)
	at org.jetbrains.kotlin.cli.js.Ir2JsTransformer.compileAndTransformIrNew(K2JsCompilerImpl.kt:114)
	at org.jetbrains.kotlin.cli.pipeline.web.js.JsBackendPipelinePhase.compileNonIncrementally$cli_js(JsBackendPipelinePhase.kt:104)
	at org.jetbrains.kotlin.cli.pipeline.web.js.JsBackendPipelinePhase.compileNonIncrementally(JsBackendPipelinePhase.kt:86)
	at org.jetbrains.kotlin.cli.pipeline.web.js.JsBackendPipelinePhase.compileNonIncrementally(JsBackendPipelinePhase.kt:30)


