kotlin version: 2.3.0
error message: java.lang.OutOfMemoryError: Java heap space
	at java.base/java.util.Arrays.copyOf(Arrays.java:3541)
	at java.base/java.io.ByteArrayOutputStream.ensureCapacity(ByteArrayOutputStream.java:100)
	at java.base/java.io.ByteArrayOutputStream.write(ByteArrayOutputStream.java:112)
	at org.jetbrains.kotlin.wasm.ir.convertors.ByteWriter$OutputStream.writeByte(WasmIrToBinary.kt:808)
	at org.jetbrains.kotlin.wasm.ir.convertors.ByteWriter.writeSignedLeb128(WasmIrToBinary.kt:792)
	at org.jetbrains.kotlin.wasm.ir.convertors.ByteWriter.writeVarInt7(WasmIrToBinary.kt:740)
	at org.jetbrains.kotlin.wasm.ir.convertors.WasmIrToBinary.appendType(WasmIrToBinary.kt:640)
	at org.jetbrains.kotlin.wasm.ir.convertors.WasmIrToBinary.appendFunctionTypeDeclaration(WasmIrToBinary.kt:370)
	at org.jetbrains.kotlin.wasm.ir.convertors.WasmIrToBinary.appendWasmTypeList(WasmIrToBinary.kt:90)
	at org.jetbrains.kotlin.wasm.ir.convertors.WasmIrToBinary.appendWasmModule(WasmIrToBinary.kt:109)
	at org.jetbrains.kotlin.backend.wasm.WasmCompilerKt.compileWasm-tjKN4NU(wasmCompiler.kt:220)
	at org.jetbrains.kotlin.backend.wasm.WasmCompilerKt.compileWasm-tjKN4NU$default(wasmCompiler.kt:162)
	at org.jetbrains.kotlin.cli.pipeline.web.wasm.WasmBackendPipelinePhase.compileWholeProgramMode$cli_js(WasmBackendPipelinePhase.kt:240)
	at org.jetbrains.kotlin.cli.pipeline.web.wasm.WasmBackendPipelinePhase.compileNonIncrementally$cli_js(WasmBackendPipelinePhase.kt:160)
	at org.jetbrains.kotlin.cli.pipeline.web.wasm.WasmBackendPipelinePhase.compileNonIncrementally(WasmBackendPipelinePhase.kt:134)
	at org.jetbrains.kotlin.cli.pipeline.web.wasm.WasmBackendPipelinePhase.compileNonIncrementally(WasmBackendPipelinePhase.kt:65)
	at org.jetbrains.kotlin.cli.pipeline.web.WebBackendPipelinePhase.executePhase(WebBackendPipelinePhase.kt:121)
	at org.jetbrains.kotlin.cli.pipeline.web.WebBackendPipelinePhase.executePhase(WebBackendPipelinePhase.kt:31)
	at org.jetbrains.kotlin.cli.pipeline.PipelinePhase.phaseBody(PipelinePhase.kt:68)
	at org.jetbrains.kotlin.cli.pipeline.PipelinePhase.phaseBody(PipelinePhase.kt:58)
	at org.jetbrains.kotlin.config.phaser.NamedCompilerPhase.invoke(CompilerPhase.kt:102)
	at org.jetbrains.kotlin.backend.common.phaser.CompositePhase.invoke(PhaseBuilders.kt:22)
	at org.jetbrains.kotlin.config.phaser.CompilerPhaseKt.invokeToplevel(CompilerPhase.kt:53)
	at org.jetbrains.kotlin.cli.pipeline.AbstractCliPipeline.runPhasedPipeline(AbstractCliPipeline.kt:109)
	at org.jetbrains.kotlin.cli.pipeline.AbstractCliPipeline.execute(AbstractCliPipeline.kt:68)
	at org.jetbrains.kotlin.cli.js.K2JSCompiler.doExecutePhased(K2JSCompiler.kt:65)
	at org.jetbrains.kotlin.cli.js.K2JSCompiler.doExecutePhased(K2JSCompiler.kt:52)
	at org.jetbrains.kotlin.cli.common.CLICompiler.execImpl(CLICompiler.kt:89)
	at org.jetbrains.kotlin.cli.common.CLICompiler.exec(CLICompiler.kt:359)
	at org.jetbrains.kotlin.daemon.CompileServiceImpl.compile(CompileServiceImpl.kt:1706)
	at java.base/java.lang.invoke.LambdaForm$DMH/0x00000003010a4c00.invokeInterface(LambdaForm$DMH)
	at java.base/java.lang.invoke.LambdaForm$MH/0x00000003010a9000.invoke(LambdaForm$MH)


