kotlin version: 2.3.0
error message: java.lang.OutOfMemoryError: GC overhead limit exceeded
	at org.jetbrains.kotlin.js.translate.utils.UtilsKt.splitToRanges(utils.kt:24)
	at org.jetbrains.kotlin.js.inline.clean.TemporaryVariableElimination$cleanUp$1.visit(TemporaryVariableElimination.kt:531)
	at org.jetbrains.kotlin.js.backend.ast.JsVars.traverse(JsVars.java:150)
	at org.jetbrains.kotlin.js.backend.ast.JsVisitorWithContextImpl.doTraverse(JsVisitorWithContextImpl.java:176)
	at org.jetbrains.kotlin.js.backend.ast.JsVisitorWithContextImpl$ListContext.traverse(JsVisitorWithContextImpl.java:82)
	at org.jetbrains.kotlin.js.backend.ast.JsVisitorWithContextImpl.doAcceptStatementList(JsVisitorWithContextImpl.java:165)
	at org.jetbrains.kotlin.js.backend.ast.JsVisitorWithContext.acceptStatementList(JsVisitorWithContext.java:59)
	at org.jetbrains.kotlin.js.backend.ast.JsBlock.traverse(JsBlock.java:75)
	at org.jetbrains.kotlin.js.backend.ast.JsVisitorWithContextImpl.doTraverse(JsVisitorWithContextImpl.java:176)
	at org.jetbrains.kotlin.js.backend.ast.JsVisitorWithContextImpl$ListContext.traverse(JsVisitorWithContextImpl.java:82)
	at org.jetbrains.kotlin.js.backend.ast.JsVisitorWithContextImpl.doAcceptStatementList(JsVisitorWithContextImpl.java:165)
	at org.jetbrains.kotlin.js.backend.ast.JsVisitorWithContextImpl.doAcceptStatement(JsVisitorWithContextImpl.java:152)
	at org.jetbrains.kotlin.js.backend.ast.JsVisitorWithContext.acceptStatement(JsVisitorWithContext.java:55)
	at org.jetbrains.kotlin.js.backend.ast.JsDoWhile.traverse(JsDoWhile.java:29)
	at org.jetbrains.kotlin.js.backend.ast.JsVisitorWithContextImpl.doTraverse(JsVisitorWithContextImpl.java:176)
	at org.jetbrains.kotlin.js.backend.ast.JsVisitorWithContextImpl$ListContext.traverse(JsVisitorWithContextImpl.java:82)
	at org.jetbrains.kotlin.js.backend.ast.JsVisitorWithContextImpl.doAcceptStatementList(JsVisitorWithContextImpl.java:165)
	at org.jetbrains.kotlin.js.backend.ast.JsVisitorWithContextImpl.doAcceptStatement(JsVisitorWithContextImpl.java:152)
	at org.jetbrains.kotlin.js.backend.ast.JsVisitorWithContext.acceptStatement(JsVisitorWithContext.java:55)
	at org.jetbrains.kotlin.js.backend.ast.JsIf.traverse(JsIf.java:79)
	at org.jetbrains.kotlin.js.backend.ast.JsVisitorWithContextImpl.doTraverse(JsVisitorWithContextImpl.java:176)
	at org.jetbrains.kotlin.js.backend.ast.JsVisitorWithContextImpl$ListContext.traverse(JsVisitorWithContextImpl.java:82)
	at org.jetbrains.kotlin.js.backend.ast.JsVisitorWithContextImpl.doAcceptStatementList(JsVisitorWithContextImpl.java:165)
	at org.jetbrains.kotlin.js.backend.ast.JsVisitorWithContext.acceptStatementList(JsVisitorWithContext.java:59)
	at org.jetbrains.kotlin.js.backend.ast.JsBlock.traverse(JsBlock.java:75)
	at org.jetbrains.kotlin.js.backend.ast.JsVisitorWithContextImpl.doTraverse(JsVisitorWithContextImpl.java:176)
	at org.jetbrains.kotlin.js.backend.ast.JsVisitorWithContextImpl$NodeContext.traverse(JsVisitorWithContextImpl.java:130)
	at org.jetbrains.kotlin.js.backend.ast.JsVisitorWithContextImpl.doAccept(JsVisitorWithContextImpl.java:141)
	at org.jetbrains.kotlin.js.backend.ast.JsVisitorWithContext.accept(JsVisitorWithContext.java:38)
	at org.jetbrains.kotlin.js.inline.clean.TemporaryVariableElimination.cleanUp(TemporaryVariableElimination.kt:608)
	at org.jetbrains.kotlin.js.inline.clean.TemporaryVariableElimination.apply(TemporaryVariableElimination.kt:119)
	at org.jetbrains.kotlin.js.inline.clean.FunctionPostProcessor.optimizations$lambda$4(FunctionPostProcessor.kt:28)


