kotlin version: 2.3.0
error message: java.lang.OutOfMemoryError: GC overhead limit exceeded
	at org.jetbrains.kotlin.ir.backend.js.transformers.irToJs.JsAstUtilsKt.translateNonDispatchCallArguments(jsAstUtils.kt:428)
	at org.jetbrains.kotlin.ir.backend.js.transformers.irToJs.JsIntrinsicTransformersKt.translateCallArguments(JsIntrinsicTransformers.kt:347)
	at org.jetbrains.kotlin.ir.backend.js.transformers.irToJs.JsIntrinsicTransformersKt.access$translateCallArguments(JsIntrinsicTransformers.kt:1)
	at org.jetbrains.kotlin.ir.backend.js.transformers.irToJs.JsIntrinsicTransformersKt$binOp$$inlined$withTranslatedArgs$1.invoke(JsIntrinsicTransformers.kt:385)
	at org.jetbrains.kotlin.ir.backend.js.transformers.irToJs.JsIntrinsicTransformersKt$binOp$$inlined$withTranslatedArgs$1.invoke(JsIntrinsicTransformers.kt:385)
	at org.jetbrains.kotlin.ir.backend.js.transformers.irToJs.JsAstUtilsKt.translateCall(jsAstUtils.kt:192)
	at org.jetbrains.kotlin.ir.backend.js.transformers.irToJs.IrElementToJsExpressionTransformer.visitCall(IrElementToJsExpressionTransformer.kt:237)
	at org.jetbrains.kotlin.ir.backend.js.transformers.irToJs.IrElementToJsExpressionTransformer.visitCall(IrElementToJsExpressionTransformer.kt:26)
	at org.jetbrains.kotlin.ir.expressions.IrCall.accept(IrCall.kt:24)
	at org.jetbrains.kotlin.ir.backend.js.transformers.irToJs.JsAstUtilsKt.toJsNode(jsAstUtils.kt:60)
	at org.jetbrains.kotlin.ir.backend.js.transformers.irToJs.IrElementToJsExpressionTransformer.visitWhen(IrElementToJsExpressionTransformer.kt:264)
	at org.jetbrains.kotlin.ir.backend.js.transformers.irToJs.IrElementToJsExpressionTransformer.visitWhen(IrElementToJsExpressionTransformer.kt:26)
	at org.jetbrains.kotlin.ir.expressions.IrWhen.accept(IrWhen.kt:24)
	at org.jetbrains.kotlin.ir.backend.js.transformers.irToJs.IrElementToJsStatementTransformer.maybeOptimizeIntoSwitch$lambda$2(IrElementToJsStatementTransformer.kt:121)
	at org.jetbrains.kotlin.ir.backend.js.transformers.irToJs.IrElementToJsStatementTransformer$$Lambda/0x0000007001b47890.invoke(Unknown Source)
	at org.jetbrains.kotlin.ir.backend.js.transformers.irToJs.IrElementToJsStatementTransformer.visitSetValue$lambda$0(IrElementToJsStatementTransformer.kt:134)
	at org.jetbrains.kotlin.ir.backend.js.transformers.irToJs.IrElementToJsStatementTransformer$$Lambda/0x0000007001d8b6b8.invoke(Unknown Source)
	at org.jetbrains.kotlin.ir.backend.js.transformers.irToJs.IrElementToJsStatementTransformer.maybeOptimizeIntoSwitch(IrElementToJsStatementTransformer.kt:121)
	at org.jetbrains.kotlin.ir.backend.js.transformers.irToJs.IrElementToJsStatementTransformer.visitSetValue(IrElementToJsStatementTransformer.kt:134)
	at org.jetbrains.kotlin.ir.backend.js.transformers.irToJs.IrElementToJsStatementTransformer.visitSetValue(IrElementToJsStatementTransformer.kt:33)
	at org.jetbrains.kotlin.ir.expressions.IrSetValue.accept(IrSetValue.kt:21)
	at org.jetbrains.kotlin.ir.backend.js.transformers.irToJs.IrElementToJsStatementTransformer.visitBlockBody(IrElementToJsStatementTransformer.kt:43)
	at org.jetbrains.kotlin.ir.backend.js.transformers.irToJs.IrElementToJsStatementTransformer.visitBlockBody(IrElementToJsStatementTransformer.kt:33)
	at org.jetbrains.kotlin.ir.expressions.IrBlockBody.accept(IrBlockBody.kt:20)
	at org.jetbrains.kotlin.ir.backend.js.transformers.irToJs.JsAstUtilsKt.translateFunction(jsAstUtils.kt:137)
	at org.jetbrains.kotlin.ir.backend.js.transformers.irToJs.IrFunctionToJsTransformer.visitSimpleFunction(IrFunctionToJsTransformer.kt:30)
	at org.jetbrains.kotlin.ir.backend.js.transformers.irToJs.IrFunctionToJsTransformer.visitSimpleFunction(IrFunctionToJsTransformer.kt:16)
	at org.jetbrains.kotlin.ir.declarations.IrSimpleFunction.accept(IrSimpleFunction.kt:39)
	at org.jetbrains.kotlin.ir.backend.js.transformers.irToJs.JsClassGenerator.generateMemberFunction(JsClassGenerator.kt:355)
	at org.jetbrains.kotlin.ir.backend.js.transformers.irToJs.JsClassGenerator.generateClassBlock(JsClassGenerator.kt:140)
	at org.jetbrains.kotlin.ir.backend.js.transformers.irToJs.JsClassGenerator.generate(JsClassGenerator.kt:75)
	at org.jetbrains.kotlin.ir.backend.js.transformers.irToJs.IrDeclarationToJsTransformer.visitClass(IrDeclarationToJsTransformer.kt:36)


